<?xml version="1.0" encoding="UTF-8"?>
<testsuite xmlns:xsi="http://www.w3.org/2001/XMLSchema-instance" xsi:noNamespaceSchemaLocation="https://maven.apache.org/surefire/maven-surefire-plugin/xsd/surefire-test-report.xsd" name="org.bytedeco.javacpp.IndexerTest" time="0.228" tests="30" errors="0" skipped="0" failures="0">
  <properties>
    <property name="gopherProxySet" value="false"/>
    <property name="awt.toolkit" value="sun.lwawt.macosx.LWCToolkit"/>
    <property name="file.encoding.pkg" value="sun.io"/>
    <property name="nondexStart" value="0"/>
    <property name="java.specification.version" value="1.8"/>
    <property name="sun.cpu.isalist" value=""/>
    <property name="sun.jnu.encoding" value="UTF-8"/>
    <property name="java.class.path" value="/Users/jaewooklee/cs527/final/javacpp/target/test-classes:/Users/jaewooklee/cs527/final/javacpp/target/classes:/Users/jaewooklee/.m2/repository/org/apache/maven/maven-plugin-api/3.5.4/maven-plugin-api-3.5.4.jar:/Users/jaewooklee/.m2/repository/org/apache/maven/maven-model/3.5.4/maven-model-3.5.4.jar:/Users/jaewooklee/.m2/repository/org/apache/commons/commons-lang3/3.5/commons-lang3-3.5.jar:/Users/jaewooklee/.m2/repository/org/apache/maven/maven-artifact/3.5.4/maven-artifact-3.5.4.jar:/Users/jaewooklee/.m2/repository/org/eclipse/sisu/org.eclipse.sisu.plexus/0.3.3/org.eclipse.sisu.plexus-0.3.3.jar:/Users/jaewooklee/.m2/repository/javax/enterprise/cdi-api/1.0/cdi-api-1.0.jar:/Users/jaewooklee/.m2/repository/javax/annotation/jsr250-api/1.0/jsr250-api-1.0.jar:/Users/jaewooklee/.m2/repository/javax/inject/javax.inject/1/javax.inject-1.jar:/Users/jaewooklee/.m2/repository/org/eclipse/sisu/org.eclipse.sisu.inject/0.3.3/org.eclipse.sisu.inject-0.3.3.jar:/Users/jaewooklee/.m2/repository/org/codehaus/plexus/plexus-utils/3.1.0/plexus-utils-3.1.0.jar:/Users/jaewooklee/.m2/repository/org/codehaus/plexus/plexus-classworlds/2.5.2/plexus-classworlds-2.5.2.jar:/Users/jaewooklee/.m2/repository/org/apache/maven/plugin-tools/maven-plugin-annotations/3.5.2/maven-plugin-annotations-3.5.2.jar:/Users/jaewooklee/.m2/repository/org/apache/maven/maven-core/3.0/maven-core-3.0.jar:/Users/jaewooklee/.m2/repository/org/apache/maven/maven-settings/3.0/maven-settings-3.0.jar:/Users/jaewooklee/.m2/repository/org/apache/maven/maven-settings-builder/3.0/maven-settings-builder-3.0.jar:/Users/jaewooklee/.m2/repository/org/apache/maven/maven-repository-metadata/3.0/maven-repository-metadata-3.0.jar:/Users/jaewooklee/.m2/repository/org/apache/maven/maven-model-builder/3.0/maven-model-builder-3.0.jar:/Users/jaewooklee/.m2/repository/org/apache/maven/maven-aether-provider/3.0/maven-aether-provider-3.0.jar:/Users/jaewooklee/.m2/repository/org/sonatype/aether/aether-impl/1.7/aether-impl-1.7.jar:/Users/jaewooklee/.m2/repository/org/sonatype/aether/aether-spi/1.7/aether-spi-1.7.jar:/Users/jaewooklee/.m2/repository/org/sonatype/aether/aether-api/1.7/aether-api-1.7.jar:/Users/jaewooklee/.m2/repository/org/sonatype/aether/aether-util/1.7/aether-util-1.7.jar:/Users/jaewooklee/.m2/repository/org/sonatype/sisu/sisu-inject-plexus/1.4.2/sisu-inject-plexus-1.4.2.jar:/Users/jaewooklee/.m2/repository/org/sonatype/sisu/sisu-inject-bean/1.4.2/sisu-inject-bean-1.4.2.jar:/Users/jaewooklee/.m2/repository/org/sonatype/sisu/sisu-guice/2.1.7/sisu-guice-2.1.7-noaop.jar:/Users/jaewooklee/.m2/repository/org/codehaus/plexus/plexus-interpolation/1.14/plexus-interpolation-1.14.jar:/Users/jaewooklee/.m2/repository/org/codehaus/plexus/plexus-component-annotations/1.5.5/plexus-component-annotations-1.5.5.jar:/Users/jaewooklee/.m2/repository/org/sonatype/plexus/plexus-sec-dispatcher/1.3/plexus-sec-dispatcher-1.3.jar:/Users/jaewooklee/.m2/repository/org/sonatype/plexus/plexus-cipher/1.4/plexus-cipher-1.4.jar:/Users/jaewooklee/.m2/repository/junit/junit/4.13.1/junit-4.13.1.jar:/Users/jaewooklee/.m2/repository/org/hamcrest/hamcrest-core/1.3/hamcrest-core-1.3.jar:/Users/jaewooklee/.m2/repository/org/slf4j/slf4j-simple/1.7.25/slf4j-simple-1.7.25.jar:/Users/jaewooklee/.m2/repository/org/slf4j/slf4j-api/1.7.25/slf4j-api-1.7.25.jar:/Users/jaewooklee/.m2/repository/org/osgi/osgi.annotation/7.0.0/osgi.annotation-7.0.0.jar:"/>
    <property name="java.vm.vendor" value="Oracle Corporation"/>
    <property name="nondexPrintstack" value="false"/>
    <property name="sun.arch.data.model" value="64"/>
    <property name="java.vendor.url" value="http://java.oracle.com/"/>
    <property name="org.bytedeco.javacpp.maxbytes" value="1gb"/>
    <property name="user.timezone" value=""/>
    <property name="java.vm.specification.version" value="1.8"/>
    <property name="os.name" value="Mac OS X"/>
    <property name="user.country" value="US"/>
    <property name="sun.java.launcher" value="SUN_STANDARD"/>
    <property name="sun.boot.library.path" value="/Library/Java/JavaVirtualMachines/jdk1.8.0_191.jdk/Contents/Home/jre/lib"/>
    <property name="nondexLogging" value="CONFIG"/>
    <property name="sun.java.command" value="/Users/jaewooklee/cs527/final/javacpp/target/surefire/surefirebooter7059278195072744046.jar /Users/jaewooklee/cs527/final/javacpp/target/surefire 2020-10-19T03-22-36_111-jvmRun1 surefire6994934497806977025tmp surefire_35806425697141349485tmp"/>
    <property name="http.nonProxyHosts" value="local|*.local|169.254/16|*.169.254/16"/>
    <property name="surefire.test.class.path" value="/Users/jaewooklee/cs527/final/javacpp/target/test-classes:/Users/jaewooklee/cs527/final/javacpp/target/classes:/Users/jaewooklee/.m2/repository/org/apache/maven/maven-plugin-api/3.5.4/maven-plugin-api-3.5.4.jar:/Users/jaewooklee/.m2/repository/org/apache/maven/maven-model/3.5.4/maven-model-3.5.4.jar:/Users/jaewooklee/.m2/repository/org/apache/commons/commons-lang3/3.5/commons-lang3-3.5.jar:/Users/jaewooklee/.m2/repository/org/apache/maven/maven-artifact/3.5.4/maven-artifact-3.5.4.jar:/Users/jaewooklee/.m2/repository/org/eclipse/sisu/org.eclipse.sisu.plexus/0.3.3/org.eclipse.sisu.plexus-0.3.3.jar:/Users/jaewooklee/.m2/repository/javax/enterprise/cdi-api/1.0/cdi-api-1.0.jar:/Users/jaewooklee/.m2/repository/javax/annotation/jsr250-api/1.0/jsr250-api-1.0.jar:/Users/jaewooklee/.m2/repository/javax/inject/javax.inject/1/javax.inject-1.jar:/Users/jaewooklee/.m2/repository/org/eclipse/sisu/org.eclipse.sisu.inject/0.3.3/org.eclipse.sisu.inject-0.3.3.jar:/Users/jaewooklee/.m2/repository/org/codehaus/plexus/plexus-utils/3.1.0/plexus-utils-3.1.0.jar:/Users/jaewooklee/.m2/repository/org/codehaus/plexus/plexus-classworlds/2.5.2/plexus-classworlds-2.5.2.jar:/Users/jaewooklee/.m2/repository/org/apache/maven/plugin-tools/maven-plugin-annotations/3.5.2/maven-plugin-annotations-3.5.2.jar:/Users/jaewooklee/.m2/repository/org/apache/maven/maven-core/3.0/maven-core-3.0.jar:/Users/jaewooklee/.m2/repository/org/apache/maven/maven-settings/3.0/maven-settings-3.0.jar:/Users/jaewooklee/.m2/repository/org/apache/maven/maven-settings-builder/3.0/maven-settings-builder-3.0.jar:/Users/jaewooklee/.m2/repository/org/apache/maven/maven-repository-metadata/3.0/maven-repository-metadata-3.0.jar:/Users/jaewooklee/.m2/repository/org/apache/maven/maven-model-builder/3.0/maven-model-builder-3.0.jar:/Users/jaewooklee/.m2/repository/org/apache/maven/maven-aether-provider/3.0/maven-aether-provider-3.0.jar:/Users/jaewooklee/.m2/repository/org/sonatype/aether/aether-impl/1.7/aether-impl-1.7.jar:/Users/jaewooklee/.m2/repository/org/sonatype/aether/aether-spi/1.7/aether-spi-1.7.jar:/Users/jaewooklee/.m2/repository/org/sonatype/aether/aether-api/1.7/aether-api-1.7.jar:/Users/jaewooklee/.m2/repository/org/sonatype/aether/aether-util/1.7/aether-util-1.7.jar:/Users/jaewooklee/.m2/repository/org/sonatype/sisu/sisu-inject-plexus/1.4.2/sisu-inject-plexus-1.4.2.jar:/Users/jaewooklee/.m2/repository/org/sonatype/sisu/sisu-inject-bean/1.4.2/sisu-inject-bean-1.4.2.jar:/Users/jaewooklee/.m2/repository/org/sonatype/sisu/sisu-guice/2.1.7/sisu-guice-2.1.7-noaop.jar:/Users/jaewooklee/.m2/repository/org/codehaus/plexus/plexus-interpolation/1.14/plexus-interpolation-1.14.jar:/Users/jaewooklee/.m2/repository/org/codehaus/plexus/plexus-component-annotations/1.5.5/plexus-component-annotations-1.5.5.jar:/Users/jaewooklee/.m2/repository/org/sonatype/plexus/plexus-sec-dispatcher/1.3/plexus-sec-dispatcher-1.3.jar:/Users/jaewooklee/.m2/repository/org/sonatype/plexus/plexus-cipher/1.4/plexus-cipher-1.4.jar:/Users/jaewooklee/.m2/repository/junit/junit/4.13.1/junit-4.13.1.jar:/Users/jaewooklee/.m2/repository/org/hamcrest/hamcrest-core/1.3/hamcrest-core-1.3.jar:/Users/jaewooklee/.m2/repository/org/slf4j/slf4j-simple/1.7.25/slf4j-simple-1.7.25.jar:/Users/jaewooklee/.m2/repository/org/slf4j/slf4j-api/1.7.25/slf4j-api-1.7.25.jar:/Users/jaewooklee/.m2/repository/org/osgi/osgi.annotation/7.0.0/osgi.annotation-7.0.0.jar:"/>
    <property name="sun.cpu.endian" value="little"/>
    <property name="nondexExecid" value="hRPvRnetvUJi1YWX4gHDK9CoJL9YnO6y8ZqjWC61rc4="/>
    <property name="user.home" value="/Users/jaewooklee"/>
    <property name="user.language" value="en"/>
    <property name="java.specification.vendor" value="Oracle Corporation"/>
    <property name="java.home" value="/Library/Java/JavaVirtualMachines/jdk1.8.0_191.jdk/Contents/Home/jre"/>
    <property name="file.separator" value="/"/>
    <property name="basedir" value="/Users/jaewooklee/cs527/final/javacpp"/>
    <property name="line.separator" value="&#10;"/>
    <property name="nondexEnd" value="9223372036854775807"/>
    <property name="java.specification.name" value="Java Platform API Specification"/>
    <property name="java.vm.specification.vendor" value="Oracle Corporation"/>
    <property name="java.awt.graphicsenv" value="sun.awt.CGraphicsEnvironment"/>
    <property name="nondexFilter" value=".*"/>
    <property name="nondexSeed" value="1016066"/>
    <property name="surefire.real.class.path" value="/Users/jaewooklee/cs527/final/javacpp/target/surefire/surefirebooter7059278195072744046.jar"/>
    <property name="sun.boot.class.path" value="/Users/jaewooklee/cs527/final/javacpp/.nondex/nondex-instr.jar:/Users/jaewooklee/.m2/repository/edu/illinois/nondex-common/1.1.2/nondex-common-1.1.2.jar:/Users/jaewooklee/.m2/repository/edu/illinois/nondex-annotations/1.1.2/nondex-annotations-1.1.2.jar:/Library/Java/JavaVirtualMachines/jdk1.8.0_191.jdk/Contents/Home/jre/lib/resources.jar:/Library/Java/JavaVirtualMachines/jdk1.8.0_191.jdk/Contents/Home/jre/lib/rt.jar:/Library/Java/JavaVirtualMachines/jdk1.8.0_191.jdk/Contents/Home/jre/lib/sunrsasign.jar:/Library/Java/JavaVirtualMachines/jdk1.8.0_191.jdk/Contents/Home/jre/lib/jsse.jar:/Library/Java/JavaVirtualMachines/jdk1.8.0_191.jdk/Contents/Home/jre/lib/jce.jar:/Library/Java/JavaVirtualMachines/jdk1.8.0_191.jdk/Contents/Home/jre/lib/charsets.jar:/Library/Java/JavaVirtualMachines/jdk1.8.0_191.jdk/Contents/Home/jre/lib/jfr.jar:/Library/Java/JavaVirtualMachines/jdk1.8.0_191.jdk/Contents/Home/jre/classes"/>
    <property name="sun.management.compiler" value="HotSpot 64-Bit Tiered Compilers"/>
    <property name="ftp.nonProxyHosts" value="local|*.local|169.254/16|*.169.254/16"/>
    <property name="java.runtime.version" value="1.8.0_191-b12"/>
    <property name="user.name" value="jaewooklee"/>
    <property name="path.separator" value=":"/>
    <property name="os.version" value="10.15.7"/>
    <property name="java.endorsed.dirs" value="/Library/Java/JavaVirtualMachines/jdk1.8.0_191.jdk/Contents/Home/jre/lib/endorsed"/>
    <property name="java.runtime.name" value="Java(TM) SE Runtime Environment"/>
    <property name="file.encoding" value="UTF-8"/>
    <property name="java.vm.name" value="Java HotSpot(TM) 64-Bit Server VM"/>
    <property name="org.bytedeco.javacpp.maxretries" value="3"/>
    <property name="localRepository" value="/Users/jaewooklee/.m2/repository"/>
    <property name="nondexDir" value="/Users/jaewooklee/cs527/final/javacpp/.nondex"/>
    <property name="java.vendor.url.bug" value="http://bugreport.sun.com/bugreport/"/>
    <property name="nondexJarDir" value="/Users/jaewooklee/cs527/final/javacpp/.nondex"/>
    <property name="java.io.tmpdir" value="/var/folders/f2/46gc6jhx32bbfp1596zxn1840000gn/T/"/>
    <property name="java.version" value="1.8.0_191"/>
    <property name="user.dir" value="/Users/jaewooklee/cs527/final/javacpp"/>
    <property name="os.arch" value="x86_64"/>
    <property name="nondexMode" value="FULL"/>
    <property name="java.vm.specification.name" value="Java Virtual Machine Specification"/>
    <property name="java.awt.printerjob" value="sun.lwawt.macosx.CPrinterJob"/>
    <property name="sun.os.patch.level" value="unknown"/>
    <property name="java.library.path" value="/Users/jaewooklee/Library/Java/Extensions:/Library/Java/Extensions:/Network/Library/Java/Extensions:/System/Library/Java/Extensions:/usr/lib/java:."/>
    <property name="java.vm.info" value="mixed mode"/>
    <property name="java.vendor" value="Oracle Corporation"/>
    <property name="java.vm.version" value="25.191-b12"/>
    <property name="sun.io.unicode.encoding" value="UnicodeBig"/>
    <property name="java.ext.dirs" value="/Users/jaewooklee/Library/Java/Extensions:/Library/Java/JavaVirtualMachines/jdk1.8.0_191.jdk/Contents/Home/jre/lib/ext:/Library/Java/Extensions:/Network/Library/Java/Extensions:/System/Library/Java/Extensions:/usr/lib/java"/>
    <property name="socksNonProxyHosts" value="local|*.local|169.254/16|*.169.254/16"/>
    <property name="java.class.version" value="52.0"/>
  </properties>
  <testcase name="testBfloat16Indexer" classname="org.bytedeco.javacpp.IndexerTest" time="0.038"/>
  <testcase name="testFloatIndexerPutGet" classname="org.bytedeco.javacpp.IndexerTest" time="0.001"/>
  <testcase name="testUByteIndexer" classname="org.bytedeco.javacpp.IndexerTest" time="0.025"/>
  <testcase name="testIntIndexer" classname="org.bytedeco.javacpp.IndexerTest" time="0.013"/>
  <testcase name="testHalfIndexer" classname="org.bytedeco.javacpp.IndexerTest" time="0.017"/>
  <testcase name="testIntIndexerPutGet" classname="org.bytedeco.javacpp.IndexerTest" time="0"/>
  <testcase name="testUShortIndexerPutGet" classname="org.bytedeco.javacpp.IndexerTest" time="0.002"/>
  <testcase name="testDefaultStrides" classname="org.bytedeco.javacpp.IndexerTest" time="0"/>
  <testcase name="testBooleanIndexer" classname="org.bytedeco.javacpp.IndexerTest" time="0.018"/>
  <testcase name="testDoubleIndexerPutGet" classname="org.bytedeco.javacpp.IndexerTest" time="0.002"/>
  <testcase name="testDoubleIndexer" classname="org.bytedeco.javacpp.IndexerTest" time="0.015"/>
  <testcase name="testLongIndexer" classname="org.bytedeco.javacpp.IndexerTest" time="0.015"/>
  <testcase name="testCharIndexer" classname="org.bytedeco.javacpp.IndexerTest" time="0.011"/>
  <testcase name="testShortIndexer" classname="org.bytedeco.javacpp.IndexerTest" time="0.01"/>
  <testcase name="testHalfIndexerPutGet" classname="org.bytedeco.javacpp.IndexerTest" time="0"/>
  <testcase name="testUIntIndexerPutGet" classname="org.bytedeco.javacpp.IndexerTest" time="0.002"/>
  <testcase name="testFloatIndexer" classname="org.bytedeco.javacpp.IndexerTest" time="0.012"/>
  <testcase name="testULongIndexerPutGet" classname="org.bytedeco.javacpp.IndexerTest" time="0.001"/>
  <testcase name="testUByteIndexerPutGet" classname="org.bytedeco.javacpp.IndexerTest" time="0"/>
  <testcase name="testUIntIndexer" classname="org.bytedeco.javacpp.IndexerTest" time="0.01"/>
  <testcase name="testBfloat16IndexerPutGet" classname="org.bytedeco.javacpp.IndexerTest" time="0"/>
  <testcase name="testULongIndexer" classname="org.bytedeco.javacpp.IndexerTest" time="0.013"/>
  <testcase name="testLongIndexerPutGet" classname="org.bytedeco.javacpp.IndexerTest" time="0"/>
  <testcase name="testByteIndexerPutGet" classname="org.bytedeco.javacpp.IndexerTest" time="0.001"/>
  <testcase name="testUShortIndexer" classname="org.bytedeco.javacpp.IndexerTest" time="0.011"/>
  <testcase name="testShortIndexerPutGet" classname="org.bytedeco.javacpp.IndexerTest" time="0"/>
  <testcase name="testBooleanIndexerPutGet" classname="org.bytedeco.javacpp.IndexerTest" time="0"/>
  <testcase name="testByteIndexer" classname="org.bytedeco.javacpp.IndexerTest" time="0.01"/>
  <testcase name="testIndexer" classname="org.bytedeco.javacpp.IndexerTest" time="0"/>
  <testcase name="testCharIndexerPutGet" classname="org.bytedeco.javacpp.IndexerTest" time="0"/>
</testsuite>